<?xml version="1.0" encoding="UTF-8"?>
<!-- Generated by org.testng.reporters.JUnitReportReporter -->
<testsuite hostname="NIKHIL-PC" failures="0" tests="1" name="SeleniumAutomation.tests.ErrorValidation" time="16.770" errors="0" timestamp="2023-08-26T11:53:36 IST" skipped="0">
  <testcase classname="SeleniumAutomation.tests.ErrorValidation" name="ErrorValidation" time="16.770"/>
</testsuite> <!-- SeleniumAutomation.tests.ErrorValidation -->
