<?xml version="1.0" encoding="UTF-8"?>
<!-- Generated by org.testng.reporters.JUnitReportReporter -->
<testsuite skipped="0" hostname="NIKHIL-PC" name="SeleniumAutomation.tests.SubmitOrderTest2" tests="3" failures="0" timestamp="2023-09-01T19:13:51 IST" time="58.668" errors="0">
  <testcase name="SubmitOrder" time="24.403" classname="SeleniumAutomation.tests.SubmitOrderTest2"/>
  <system-out/>
  <testcase name="SubmitOrder" time="23.187" classname="SeleniumAutomation.tests.SubmitOrderTest2"/>
  <system-out/>
  <testcase name="OrderHistoryTest" time="11.078" classname="SeleniumAutomation.tests.SubmitOrderTest2"/>
  <system-out/>
</testsuite> <!-- SeleniumAutomation.tests.SubmitOrderTest2 -->
